<?xml version="1.0" encoding="UTF-8"?>
<testng-results ignored="0" total="2" passed="2" failed="0" skipped="0">
  <reporter-output>
  </reporter-output>
  <suite started-at="2023-04-22T00:15:17 IST" name="Default suite" finished-at="2023-04-22T00:15:49 IST" duration-ms="32500">
    <groups>
      <group name="cucumber">
        <method signature="AbstractTestNGCucumberTests.runScenario(io.cucumber.testng.PickleWrapper,io.cucumber.testng.FeatureWrapper)[pri:0, instance:runner.testNGRunner@5b218417]" name="runScenario" class="io.cucumber.testng.AbstractTestNGCucumberTests"/>
      </group> <!-- cucumber -->
    </groups>
    <test started-at="2023-04-22T00:15:17 IST" name="Default test" finished-at="2023-04-22T00:15:49 IST" duration-ms="32500">
      <class name="runner.testNGRunner">
        <test-method is-config="true" signature="setUpClass(org.testng.ITestContext)[pri:0, instance:runner.testNGRunner@5b218417]" started-at="2023-04-22T00:15:17 IST" name="setUpClass" finished-at="2023-04-22T00:15:17 IST" duration-ms="433" status="PASS">
          <params>
            <param index="0">
              <value>
                <![CDATA[org.testng.TestRunner@1282e98]]>
              </value>
            </param>
          </params>
          <reporter-output>
          </reporter-output>
        </test-method> <!-- setUpClass -->
        <test-method is-config="true" signature="hi()[pri:0, instance:runner.testNGRunner@5b218417]" started-at="2023-04-22T00:15:17 IST" name="hi" finished-at="2023-04-22T00:15:17 IST" duration-ms="4" status="PASS">
          <reporter-output>
          </reporter-output>
        </test-method> <!-- hi -->
        <test-method signature="runScenario(io.cucumber.testng.PickleWrapper,io.cucumber.testng.FeatureWrapper)[pri:0, instance:runner.testNGRunner@5b218417]" started-at="2023-04-22T00:15:17 IST" name="runScenario" description="Runs Cucumber Scenarios" data-provider="scenarios" finished-at="2023-04-22T00:15:38 IST" duration-ms="20493" status="PASS">
          <params>
            <param index="0">
              <value>
                <![CDATA["To check if error message is showing"]]>
              </value>
            </param>
            <param index="1">
              <value>
                <![CDATA["basic launch browser"]]>
              </value>
            </param>
          </params>
          <reporter-output>
          </reporter-output>
        </test-method> <!-- runScenario -->
        <test-method signature="runScenario(io.cucumber.testng.PickleWrapper,io.cucumber.testng.FeatureWrapper)[pri:0, instance:runner.testNGRunner@5b218417]" started-at="2023-04-22T00:15:38 IST" name="runScenario" description="Runs Cucumber Scenarios" data-provider="scenarios" finished-at="2023-04-22T00:15:48 IST" duration-ms="10784" status="PASS">
          <params>
            <param index="0">
              <value>
                <![CDATA["launch browser"]]>
              </value>
            </param>
            <param index="1">
              <value>
                <![CDATA["basic launch browser"]]>
              </value>
            </param>
          </params>
          <reporter-output>
          </reporter-output>
        </test-method> <!-- runScenario -->
        <test-method is-config="true" signature="extentReportPopUp()[pri:0, instance:runner.testNGRunner@5b218417]" started-at="2023-04-22T00:15:48 IST" name="extentReportPopUp" finished-at="2023-04-22T00:15:49 IST" duration-ms="681" status="PASS">
          <reporter-output>
          </reporter-output>
        </test-method> <!-- extentReportPopUp -->
        <test-method is-config="true" signature="tearDownClass()[pri:0, instance:runner.testNGRunner@5b218417]" started-at="2023-04-22T00:15:49 IST" name="tearDownClass" finished-at="2023-04-22T00:15:49 IST" duration-ms="10" status="PASS">
          <reporter-output>
          </reporter-output>
        </test-method> <!-- tearDownClass -->
      </class> <!-- runner.testNGRunner -->
    </test> <!-- Default test -->
  </suite> <!-- Default suite -->
</testng-results>
